\BOOKMARK [1][-]{section.1}{Introduction}{}% 1
\BOOKMARK [1][-]{section.2}{Manuel d'utilisation}{}% 2
\BOOKMARK [1][-]{section.3}{Conception}{}% 3
\BOOKMARK [1][-]{section.4}{Les bases de donn\351es}{}% 4
\BOOKMARK [2][-]{subsection.4.1}{Menu}{section.4}% 5
\BOOKMARK [2][-]{subsection.4.2}{Auteur}{section.4}% 6
\BOOKMARK [1][-]{section.5}{Inscription/connexion}{}% 7
\BOOKMARK [2][-]{subsection.5.1}{Inscription}{section.5}% 8
\BOOKMARK [2][-]{subsection.5.2}{Connexion}{section.5}% 9
\BOOKMARK [1][-]{section.6}{Administration du site}{}% 10
\BOOKMARK [2][-]{subsection.6.1}{Par l'administrateur}{section.6}% 11
\BOOKMARK [3][-]{subsubsection.6.1.1}{G\351rer le menu}{subsection.6.1}% 12
\BOOKMARK [3][-]{subsubsection.6.1.2}{G\351rer les r\351dacteurs}{subsection.6.1}% 13
\BOOKMARK [2][-]{subsection.6.2}{Par les r\351dacteurs}{section.6}% 14
\BOOKMARK [3][-]{subsubsection.6.2.1}{Cr\351er un article}{subsection.6.2}% 15
\BOOKMARK [3][-]{subsubsection.6.2.2}{Modifier un article}{subsection.6.2}% 16
\BOOKMARK [3][-]{subsubsection.6.2.3}{Supprimer un article}{subsection.6.2}% 17
\BOOKMARK [3][-]{subsubsection.6.2.4}{Modifier son mot de passe}{subsection.6.2}% 18
\BOOKMARK [1][-]{section.7}{Le style du site \(CSS\)}{}% 19
\BOOKMARK [2][-]{subsection.7.1}{Le menu}{section.7}% 20
\BOOKMARK [1][-]{section.8}{Conclusion}{}% 21
